C:\USERS\H-099\DESKTOP\X86INJECT\DEBUG\DLLINJECT.EXE
C:\USERS\H-099\DESKTOP\X86INJECT\DEBUG\DLLINJECT.ILK
C:\USERS\H-099\DESKTOP\X86INJECT\DEBUG\DLLINJECT.PDB
C:\Users\H-099\Desktop\x86Inject\DllInject\Debug\cl.command.1.tlog
C:\Users\H-099\Desktop\x86Inject\DllInject\Debug\CL.read.1.tlog
C:\Users\H-099\Desktop\x86Inject\DllInject\Debug\CL.write.1.tlog
C:\USERS\H-099\DESKTOP\X86INJECT\DLLINJECT\DEBUG\DLLINJECT.EXE.EMBED.MANIFEST
C:\USERS\H-099\DESKTOP\X86INJECT\DLLINJECT\DEBUG\DLLINJECT.EXE.EMBED.MANIFEST.RES
C:\USERS\H-099\DESKTOP\X86INJECT\DLLINJECT\DEBUG\DLLINJECT.EXE.INTERMEDIATE.MANIFEST
C:\USERS\H-099\DESKTOP\X86INJECT\DLLINJECT\DEBUG\DLLINJECT.OBJ
C:\USERS\H-099\DESKTOP\X86INJECT\DLLINJECT\DEBUG\DLLINJECT.PCH
C:\USERS\H-099\DESKTOP\X86INJECT\DLLINJECT\DEBUG\DLLINJECT.RES
C:\Users\H-099\Desktop\x86Inject\DllInject\Debug\DllInject.write.1.tlog
C:\Users\H-099\Desktop\x86Inject\DllInject\Debug\DllInject_manifest.rc
C:\USERS\H-099\DESKTOP\X86INJECT\DLLINJECT\DEBUG\DLLINJECTDLG.OBJ
C:\Users\H-099\Desktop\x86Inject\DllInject\Debug\link.command.1.tlog
C:\Users\H-099\Desktop\x86Inject\DllInject\Debug\link.read.1.tlog
C:\Users\H-099\Desktop\x86Inject\DllInject\Debug\link.write.1.tlog
C:\Users\H-099\Desktop\x86Inject\DllInject\Debug\link-cvtres.read.1.tlog
C:\Users\H-099\Desktop\x86Inject\DllInject\Debug\link-cvtres.write.1.tlog
C:\Users\H-099\Desktop\x86Inject\DllInject\Debug\mt.command.1.tlog
C:\Users\H-099\Desktop\x86Inject\DllInject\Debug\mt.read.1.tlog
C:\Users\H-099\Desktop\x86Inject\DllInject\Debug\mt.write.1.tlog
C:\USERS\H-099\DESKTOP\X86INJECT\DLLINJECT\DEBUG\MYOUTPUTDEBUGSTRING.OBJ
C:\Users\H-099\Desktop\x86Inject\DllInject\Debug\rc.command.1.tlog
C:\Users\H-099\Desktop\x86Inject\DllInject\Debug\rc.read.1.tlog
C:\Users\H-099\Desktop\x86Inject\DllInject\Debug\rc.write.1.tlog
C:\USERS\H-099\DESKTOP\X86INJECT\DLLINJECT\DEBUG\STDAFX.OBJ
C:\Users\H-099\Desktop\x86Inject\DllInject\Debug\vc100.idb
C:\USERS\H-099\DESKTOP\X86INJECT\DLLINJECT\DEBUG\VC100.PDB
C:\USERS\H-099\DESKTOP\X86INJECT\DLLINJECT\DEBUG\X86INJECT.OBJ
