生成启动时间为 2015/11/11 17:34:16。
     1>项目“C:\Users\H-099\Desktop\x86Inject\DllInject\DllInject.vcxproj”在节点 2 上(rebuild 个目标)。
     1>_PrepareForClean:
         正在删除文件“Debug\DllInject.lastbuildstate”。
       InitializeBuildStatus:
         正在创建“Debug\DllInject.unsuccessfulbuild”，因为已指定“AlwaysCreate”。
       ClCompile:
         C:\Program Files (x86)\Microsoft Visual Studio 10.0\VC\bin\CL.exe /c /I"C:\Program Files (x86)\Visual Leak Detector\include" /ZI /nologo /W3 /WX- /Od /Oy- /D WIN32 /D _WINDOWS /D _DEBUG /D _UNICODE /D UNICODE /Gm /EHsc /RTC1 /MTd /GS /fp:precise /Zc:wchar_t /Zc:forScope /Yc"StdAfx.h" /Fp"Debug\DllInject.pch" /Fo"Debug\\" /Fd"Debug\vc100.pdb" /Gd /TP /analyze- /errorReport:prompt stdafx.cpp
         stdafx.cpp
         C:\Program Files (x86)\Microsoft Visual Studio 10.0\VC\bin\CL.exe /c /I"C:\Program Files (x86)\Visual Leak Detector\include" /ZI /nologo /W3 /WX- /Od /Oy- /D WIN32 /D _WINDOWS /D _DEBUG /D _UNICODE /D UNICODE /Gm /EHsc /RTC1 /MTd /GS /fp:precise /Zc:wchar_t /Zc:forScope /Yu"StdAfx.h" /Fp"Debug\DllInject.pch" /Fo"Debug\\" /Fd"Debug\vc100.pdb" /Gd /TP /analyze- /errorReport:prompt DllInject.cpp DllInjectDlg.cpp MyOutputDebugString.cpp
         MyOutputDebugString.cpp
         DllInjectDlg.cpp
         DllInject.cpp
         正在生成代码...
         C:\Program Files (x86)\Microsoft Visual Studio 10.0\VC\bin\CL.exe /c /I"C:\Program Files (x86)\Visual Leak Detector\include" /ZI /nologo /W3 /WX- /Od /Oy- /D WIN32 /D _WINDOWS /D _DEBUG /D _UNICODE /D UNICODE /Gm /EHsc /RTC1 /MTd /GS /fp:precise /Zc:wchar_t /Zc:forScope /Fo"Debug\\" /Fd"Debug\vc100.pdb" /Gd /TP /analyze- /errorReport:prompt x86Inject.cpp
         x86Inject.cpp
       ResourceCompile:
         C:\Program Files (x86)\Microsoft SDKs\Windows\v7.0A\bin\rc.exe /D _DEBUG /D _UNICODE /D UNICODE /l"0x0804" /IDebug\ /nologo /fo"Debug\DllInject.res" DllInject.rc 
       ManifestResourceCompile:
         C:\Program Files (x86)\Microsoft SDKs\Windows\v7.0A\bin\rc.exe /nologo /fo"Debug\DllInject.exe.embed.manifest.res" Debug\DllInject_manifest.rc 
       Link:
         C:\Program Files (x86)\Microsoft Visual Studio 10.0\VC\bin\link.exe /ERRORREPORT:PROMPT /OUT:"C:\Users\H-099\Desktop\x86Inject\Debug\DllInject.exe" /INCREMENTAL /NOLOGO /LIBPATH:"C:\Program Files (x86)\Visual Leak Detector\lib\Win32" /MANIFEST /ManifestFile:"Debug\DllInject.exe.intermediate.manifest" /MANIFESTUAC:"level='requireAdministrator' uiAccess='false'" /DEBUG /PDB:"C:\Users\H-099\Desktop\x86Inject\Debug\DllInject.pdb" /SUBSYSTEM:WINDOWS /TLBID:1 /ENTRY:"wWinMainCRTStartup" /DYNAMICBASE /NXCOMPAT /IMPLIB:"C:\Users\H-099\Desktop\x86Inject\Debug\DllInject.lib" /MACHINE:X86 Debug\DllInject.res
         Debug\DllInject.exe.embed.manifest.res
         Debug\DllInject.obj
         Debug\DllInjectDlg.obj
         Debug\MyOutputDebugString.obj
         Debug\stdafx.obj
         Debug\x86Inject.obj
       Manifest:
         正在删除文件“Debug\DllInject.exe.embed.manifest”。
         C:\Program Files (x86)\Microsoft SDKs\Windows\v7.0A\bin\mt.exe /nologo /verbose /out:"Debug\DllInject.exe.embed.manifest" /manifest Debug\DllInject.exe.intermediate.manifest "C:\Program Files (x86)\Microsoft Visual Studio 10.0\VC\Include\Manifest\dpiaware.manifest"
         C:\Program Files (x86)\Microsoft SDKs\Windows\v7.0A\bin\rc.exe /nologo /fo"Debug\DllInject.exe.embed.manifest.res" Debug\DllInject_manifest.rc 
       LinkEmbedManifest:
         C:\Program Files (x86)\Microsoft Visual Studio 10.0\VC\bin\link.exe /ERRORREPORT:PROMPT /OUT:"C:\Users\H-099\Desktop\x86Inject\Debug\DllInject.exe" /INCREMENTAL /NOLOGO /LIBPATH:"C:\Program Files (x86)\Visual Leak Detector\lib\Win32" /MANIFEST /ManifestFile:"Debug\DllInject.exe.intermediate.manifest" /MANIFESTUAC:"level='requireAdministrator' uiAccess='false'" /DEBUG /PDB:"C:\Users\H-099\Desktop\x86Inject\Debug\DllInject.pdb" /SUBSYSTEM:WINDOWS /TLBID:1 /ENTRY:"wWinMainCRTStartup" /DYNAMICBASE /NXCOMPAT /IMPLIB:"C:\Users\H-099\Desktop\x86Inject\Debug\DllInject.lib" /MACHINE:X86 Debug\DllInject.res
         Debug\DllInject.exe.embed.manifest.res
         Debug\DllInject.obj
         Debug\DllInjectDlg.obj
         Debug\MyOutputDebugString.obj
         Debug\stdafx.obj
         Debug\x86Inject.obj
         DllInject.vcxproj -> C:\Users\H-099\Desktop\x86Inject\Debug\DllInject.exe
       FinalizeBuildStatus:
         正在删除文件“Debug\DllInject.unsuccessfulbuild”。
         正在对“Debug\DllInject.lastbuildstate”执行 Touch 任务。
     1>已完成生成项目“C:\Users\H-099\Desktop\x86Inject\DllInject\DllInject.vcxproj”(rebuild 个目标)的操作。

生成成功。

已用时间 00:00:07.30
