生成启动时间为 2015/11/11 17:45:12。
     1>项目“C:\Users\H-099\Desktop\x86Inject\DllInject\DllInject.vcxproj”在节点 2 上(rebuild 个目标)。
     1>_PrepareForClean:
         正在删除文件“Release\DllInject.lastbuildstate”。
       InitializeBuildStatus:
         正在创建“Release\DllInject.unsuccessfulbuild”，因为已指定“AlwaysCreate”。
       ClCompile:
         C:\Program Files (x86)\Microsoft Visual Studio 10.0\VC\bin\CL.exe /c /I"C:\Program Files (x86)\Visual Leak Detector\include" /Zi /nologo /W3 /WX- /O2 /Oi /Oy- /GL /D WIN32 /D _WINDOWS /D NDEBUG /D _UNICODE /D UNICODE /Gm- /EHsc /MT /GS /Gy /fp:precise /Zc:wchar_t /Zc:forScope /Yc"StdAfx.h" /Fp"Release\DllInject.pch" /Fo"Release\\" /Fd"Release\vc100.pdb" /Gd /TP /analyze- /errorReport:prompt stdafx.cpp
         stdafx.cpp
         C:\Program Files (x86)\Microsoft Visual Studio 10.0\VC\bin\CL.exe /c /I"C:\Program Files (x86)\Visual Leak Detector\include" /Zi /nologo /W3 /WX- /O2 /Oi /Oy- /GL /D WIN32 /D _WINDOWS /D NDEBUG /D _UNICODE /D UNICODE /Gm- /EHsc /MT /GS /Gy /fp:precise /Zc:wchar_t /Zc:forScope /Yu"StdAfx.h" /Fp"Release\DllInject.pch" /Fo"Release\\" /Fd"Release\vc100.pdb" /Gd /TP /analyze- /errorReport:prompt DllInject.cpp DllInjectDlg.cpp MyOutputDebugString.cpp
         DllInject.cpp
         DllInjectDlg.cpp
         MyOutputDebugString.cpp
         C:\Program Files (x86)\Microsoft Visual Studio 10.0\VC\bin\CL.exe /c /I"C:\Program Files (x86)\Visual Leak Detector\include" /Zi /nologo /W3 /WX- /O2 /Oi /Oy- /GL /D WIN32 /D _WINDOWS /D NDEBUG /D _UNICODE /D UNICODE /Gm- /EHsc /MT /GS /Gy /fp:precise /Zc:wchar_t /Zc:forScope /Fo"Release\\" /Fd"Release\vc100.pdb" /Gd /TP /analyze- /errorReport:prompt x86Inject.cpp
         x86Inject.cpp
       ResourceCompile:
         C:\Program Files (x86)\Microsoft SDKs\Windows\v7.0A\bin\rc.exe /D NDEBUG /D _UNICODE /D UNICODE /l"0x0804" /IRelease\ /nologo /fo"Release\DllInject.res" DllInject.rc 
       Link:
         C:\Program Files (x86)\Microsoft Visual Studio 10.0\VC\bin\link.exe /ERRORREPORT:PROMPT /OUT:"C:\Users\H-099\Desktop\x86Inject\Release\DllInject.exe" /INCREMENTAL:NO /NOLOGO /LIBPATH:"C:\Program Files (x86)\Visual Leak Detector\lib\Win32" /MANIFEST /ManifestFile:"Release\DllInject.exe.intermediate.manifest" /MANIFESTUAC:"level='requireAdministrator' uiAccess='false'" /DEBUG /PDB:"C:\Users\H-099\Desktop\x86Inject\Release\DllInject.pdb" /SUBSYSTEM:WINDOWS /OPT:REF /OPT:ICF /LTCG /TLBID:1 /ENTRY:"wWinMainCRTStartup" /DYNAMICBASE /NXCOMPAT /IMPLIB:"C:\Users\H-099\Desktop\x86Inject\Release\DllInject.lib" /MACHINE:X86 Release\DllInject.res
         Release\DllInject.obj
         Release\DllInjectDlg.obj
         Release\MyOutputDebugString.obj
         Release\stdafx.obj
         Release\x86Inject.obj
         正在生成代码
         已完成代码的生成
         DllInject.vcxproj -> C:\Users\H-099\Desktop\x86Inject\Release\DllInject.exe
       Manifest:
         C:\Program Files (x86)\Microsoft SDKs\Windows\v7.0A\bin\mt.exe /nologo /verbose /outputresource:"C:\Users\H-099\Desktop\x86Inject\Release\DllInject.exe;#1" /manifest Release\DllInject.exe.intermediate.manifest "C:\Program Files (x86)\Microsoft Visual Studio 10.0\VC\Include\Manifest\dpiaware.manifest"
       FinalizeBuildStatus:
         正在删除文件“Release\DllInject.unsuccessfulbuild”。
         正在对“Release\DllInject.lastbuildstate”执行 Touch 任务。
     1>已完成生成项目“C:\Users\H-099\Desktop\x86Inject\DllInject\DllInject.vcxproj”(rebuild 个目标)的操作。

生成成功。

已用时间 00:00:05.88
