C:\Users\H-099\Desktop\x86Inject\DllInject\Release\cl.command.1.tlog
C:\Users\H-099\Desktop\x86Inject\DllInject\Release\CL.read.1.tlog
C:\Users\H-099\Desktop\x86Inject\DllInject\Release\CL.write.1.tlog
C:\USERS\H-099\DESKTOP\X86INJECT\DLLINJECT\RELEASE\DLLINJECT.EXE.INTERMEDIATE.MANIFEST
C:\USERS\H-099\DESKTOP\X86INJECT\DLLINJECT\RELEASE\DLLINJECT.OBJ
C:\USERS\H-099\DESKTOP\X86INJECT\DLLINJECT\RELEASE\DLLINJECT.PCH
C:\USERS\H-099\DESKTOP\X86INJECT\DLLINJECT\RELEASE\DLLINJECT.RES
C:\Users\H-099\Desktop\x86Inject\DllInject\Release\DllInject.write.1.tlog
C:\USERS\H-099\DESKTOP\X86INJECT\DLLINJECT\RELEASE\DLLINJECTDLG.OBJ
C:\Users\H-099\Desktop\x86Inject\DllInject\Release\link.command.1.tlog
C:\Users\H-099\Desktop\x86Inject\DllInject\Release\link.read.1.tlog
C:\Users\H-099\Desktop\x86Inject\DllInject\Release\link.write.1.tlog
C:\Users\H-099\Desktop\x86Inject\DllInject\Release\link-cvtres.read.1.tlog
C:\Users\H-099\Desktop\x86Inject\DllInject\Release\link-cvtres.write.1.tlog
C:\Users\H-099\Desktop\x86Inject\DllInject\Release\mt.command.1.tlog
C:\Users\H-099\Desktop\x86Inject\DllInject\Release\mt.read.1.tlog
C:\Users\H-099\Desktop\x86Inject\DllInject\Release\mt.write.1.tlog
C:\USERS\H-099\DESKTOP\X86INJECT\DLLINJECT\RELEASE\MYOUTPUTDEBUGSTRING.OBJ
C:\Users\H-099\Desktop\x86Inject\DllInject\Release\rc.command.1.tlog
C:\Users\H-099\Desktop\x86Inject\DllInject\Release\rc.read.1.tlog
C:\Users\H-099\Desktop\x86Inject\DllInject\Release\rc.write.1.tlog
C:\USERS\H-099\DESKTOP\X86INJECT\DLLINJECT\RELEASE\STDAFX.OBJ
C:\USERS\H-099\DESKTOP\X86INJECT\DLLINJECT\RELEASE\VC100.PDB
C:\USERS\H-099\DESKTOP\X86INJECT\DLLINJECT\RELEASE\X86INJECT.OBJ
C:\USERS\H-099\DESKTOP\X86INJECT\RELEASE\DLLINJECT.EXE
C:\USERS\H-099\DESKTOP\X86INJECT\RELEASE\DLLINJECT.PDB
